<?xml version="1.0" encoding="UTF-8"?>
<testsuite name="com.example.CarRental.CarRentalApplicationTests" tests="1" skipped="0" failures="0" errors="0" timestamp="2019-11-15T13:17:38" hostname="LAPTOP-CBOLI6AJ" time="0.186">
  <properties/>
  <testcase name="contextLoads()" classname="com.example.CarRental.CarRentalApplicationTests" time="0.186"/>
  <system-out><![CDATA[14:17:37.108 [Test worker] DEBUG org.springframework.test.context.BootstrapUtils - Instantiating CacheAwareContextLoaderDelegate from class [org.springframework.test.context.cache.DefaultCacheAwareContextLoaderDelegate]
14:17:37.123 [Test worker] DEBUG org.springframework.test.context.BootstrapUtils - Instantiating BootstrapContext using constructor [public org.springframework.test.context.support.DefaultBootstrapContext(java.lang.Class,org.springframework.test.context.CacheAwareContextLoaderDelegate)]
14:17:37.146 [Test worker] DEBUG org.springframework.test.context.BootstrapUtils - Instantiating TestContextBootstrapper for test class [com.example.CarRental.CarRentalApplicationTests] from class [org.springframework.boot.test.context.SpringBootTestContextBootstrapper]
14:17:37.161 [Test worker] INFO org.springframework.boot.test.context.SpringBootTestContextBootstrapper - Neither @ContextConfiguration nor @ContextHierarchy found for test class [com.example.CarRental.CarRentalApplicationTests], using SpringBootContextLoader
14:17:37.164 [Test worker] DEBUG org.springframework.test.context.support.AbstractContextLoader - Did not detect default resource location for test class [com.example.CarRental.CarRentalApplicationTests]: class path resource [com/example/CarRental/CarRentalApplicationTests-context.xml] does not exist
14:17:37.165 [Test worker] DEBUG org.springframework.test.context.support.AbstractContextLoader - Did not detect default resource location for test class [com.example.CarRental.CarRentalApplicationTests]: class path resource [com/example/CarRental/CarRentalApplicationTestsContext.groovy] does not exist
14:17:37.165 [Test worker] INFO org.springframework.test.context.support.AbstractContextLoader - Could not detect default resource locations for test class [com.example.CarRental.CarRentalApplicationTests]: no resource found for suffixes {-context.xml, Context.groovy}.
14:17:37.165 [Test worker] INFO org.springframework.test.context.support.AnnotationConfigContextLoaderUtils - Could not detect default configuration classes for test class [com.example.CarRental.CarRentalApplicationTests]: CarRentalApplicationTests does not declare any static, non-private, non-final, nested classes annotated with @Configuration.
14:17:37.192 [Test worker] DEBUG org.springframework.test.context.support.ActiveProfilesUtils - Could not find an 'annotation declaring class' for annotation type [org.springframework.test.context.ActiveProfiles] and class [com.example.CarRental.CarRentalApplicationTests]
14:17:37.245 [Test worker] DEBUG org.springframework.context.annotation.ClassPathScanningCandidateComponentProvider - Identified candidate component class: file [C:\Users\alrib\OneDrive\Bureau\CarRental\build\classes\java\main\com\example\CarRental\CarRentalApplication.class]
14:17:37.247 [Test worker] INFO org.springframework.boot.test.context.SpringBootTestContextBootstrapper - Found @SpringBootConfiguration com.example.CarRental.CarRentalApplication for test class com.example.CarRental.CarRentalApplicationTests
14:17:37.335 [Test worker] DEBUG org.springframework.boot.test.context.SpringBootTestContextBootstrapper - @TestExecutionListeners is not present for class [com.example.CarRental.CarRentalApplicationTests]: using defaults.
14:17:37.335 [Test worker] INFO org.springframework.boot.test.context.SpringBootTestContextBootstrapper - Loaded default TestExecutionListener class names from location [META-INF/spring.factories]: [org.springframework.boot.test.autoconfigure.restdocs.RestDocsTestExecutionListener, org.springframework.boot.test.autoconfigure.web.client.MockRestServiceServerResetTestExecutionListener, org.springframework.boot.test.autoconfigure.web.servlet.MockMvcPrintOnlyOnFailureTestExecutionListener, org.springframework.boot.test.autoconfigure.web.servlet.WebDriverTestExecutionListener, org.springframework.boot.test.mock.mockito.MockitoTestExecutionListener, org.springframework.boot.test.mock.mockito.ResetMocksTestExecutionListener, org.springframework.test.context.web.ServletTestExecutionListener, org.springframework.test.context.support.DirtiesContextBeforeModesTestExecutionListener, org.springframework.test.context.support.DependencyInjectionTestExecutionListener, org.springframework.test.context.support.DirtiesContextTestExecutionListener, org.springframework.test.context.transaction.TransactionalTestExecutionListener, org.springframework.test.context.jdbc.SqlScriptsTestExecutionListener, org.springframework.test.context.event.EventPublishingTestExecutionListener]
14:17:37.344 [Test worker] DEBUG org.springframework.boot.test.context.SpringBootTestContextBootstrapper - Skipping candidate TestExecutionListener [org.springframework.test.context.transaction.TransactionalTestExecutionListener] due to a missing dependency. Specify custom listener classes or make the default listener classes and their required dependencies available. Offending class: [org/springframework/transaction/interceptor/TransactionAttributeSource]
14:17:37.344 [Test worker] DEBUG org.springframework.boot.test.context.SpringBootTestContextBootstrapper - Skipping candidate TestExecutionListener [org.springframework.test.context.jdbc.SqlScriptsTestExecutionListener] due to a missing dependency. Specify custom listener classes or make the default listener classes and their required dependencies available. Offending class: [org/springframework/transaction/interceptor/TransactionAttribute]
14:17:37.345 [Test worker] INFO org.springframework.boot.test.context.SpringBootTestContextBootstrapper - Using TestExecutionListeners: [org.springframework.test.context.web.ServletTestExecutionListener@7a55caac, org.springframework.test.context.support.DirtiesContextBeforeModesTestExecutionListener@3081235f, org.springframework.boot.test.mock.mockito.MockitoTestExecutionListener@258100d2, org.springframework.boot.test.autoconfigure.SpringBootDependencyInjectionTestExecutionListener@7372ae21, org.springframework.test.context.support.DirtiesContextTestExecutionListener@27260a49, org.springframework.test.context.event.EventPublishingTestExecutionListener@1e044e29, org.springframework.boot.test.autoconfigure.restdocs.RestDocsTestExecutionListener@33ae4aab, org.springframework.boot.test.autoconfigure.web.client.MockRestServiceServerResetTestExecutionListener@554bf959, org.springframework.boot.test.autoconfigure.web.servlet.MockMvcPrintOnlyOnFailureTestExecutionListener@4228c5fb, org.springframework.boot.test.autoconfigure.web.servlet.WebDriverTestExecutionListener@7ee1be91, org.springframework.boot.test.mock.mockito.ResetMocksTestExecutionListener@3fdb48f4]
14:17:37.348 [Test worker] DEBUG org.springframework.test.context.support.AbstractDirtiesContextTestExecutionListener - Before test class: context [DefaultTestContext@70fa4f1b testClass = CarRentalApplicationTests, testInstance = [null], testMethod = [null], testException = [null], mergedContextConfiguration = [WebMergedContextConfiguration@21d0b1fb testClass = CarRentalApplicationTests, locations = '{}', classes = '{class com.example.CarRental.CarRentalApplication}', contextInitializerClasses = '[]', activeProfiles = '{}', propertySourceLocations = '{}', propertySourceProperties = '{org.springframework.boot.test.context.SpringBootTestContextBootstrapper=true}', contextCustomizers = set[org.springframework.boot.test.autoconfigure.properties.PropertyMappingContextCustomizer@0, org.springframework.boot.test.autoconfigure.web.servlet.WebDriverContextCustomizerFactory$Customizer@7ef77971, org.springframework.boot.test.context.filter.ExcludeFilterContextCustomizer@4a49ed8e, org.springframework.boot.test.json.DuplicateJsonObjectContextCustomizerFactory$DuplicateJsonObjectContextCustomizer@4a8a9457, org.springframework.boot.test.mock.mockito.MockitoContextCustomizer@0, org.springframework.boot.test.web.client.TestRestTemplateContextCustomizer@4ead27ee], resourceBasePath = 'src/main/webapp', contextLoader = 'org.springframework.boot.test.context.SpringBootContextLoader', parent = [null]], attributes = map['org.springframework.test.context.web.ServletTestExecutionListener.activateListener' -> true]], class annotated with @DirtiesContext [false] with mode [null].
14:17:37.370 [Test worker] DEBUG org.springframework.test.context.support.TestPropertySourceUtils - Adding inlined properties to environment: {spring.jmx.enabled=false, org.springframework.boot.test.context.SpringBootTestContextBootstrapper=true, server.port=-1}

  .   ____          _            __ _ _
 /\\ / ___'_ __ _ _(_)_ __  __ _ \ \ \ \
( ( )\___ | '_ | '_| | '_ \/ _` | \ \ \ \
 \\/  ___)| |_)| | | | | || (_| |  ) ) ) )
  '  |____| .__|_| |_|_| |_\__, | / / / /
 =========|_|==============|___/=/_/_/_/
 :: Spring Boot ::        (v2.2.1.RELEASE)

2019-11-15 14:17:37.547  INFO 14840 --- [    Test worker] c.e.CarRental.CarRentalApplicationTests  : Starting CarRentalApplicationTests on LAPTOP-CBOLI6AJ with PID 14840 (started by alrib in C:\Users\alrib\OneDrive\Bureau\CarRental)
2019-11-15 14:17:37.548  INFO 14840 --- [    Test worker] c.e.CarRental.CarRentalApplicationTests  : No active profile set, falling back to default profiles: default
2019-11-15 14:17:38.423  INFO 14840 --- [    Test worker] o.s.s.concurrent.ThreadPoolTaskExecutor  : Initializing ExecutorService 'applicationTaskExecutor'
2019-11-15 14:17:38.640  INFO 14840 --- [    Test worker] c.e.CarRental.CarRentalApplicationTests  : Started CarRentalApplicationTests in 1.263 seconds (JVM running for 2.362)
]]></system-out>
  <system-err><![CDATA[]]></system-err>
</testsuite>
